<?xml version="1.0" encoding="UTF-8"?>
<!-- Generated by org.testng.reporters.JUnitReportReporter -->
<testsuite hostname="ATMECSINLT-1198" failures="0" tests="3" name="TestNg.SuitesTest" time="111.543" errors="0" timestamp="2022-05-28T22:50:16 IST" skipped="0">
  <testcase classname="TestNg.SuitesTest" name="openYahoo" time="0.003"/>
  <system-out/>
  <testcase classname="TestNg.SuitesTest" name="openBing" time="0.014"/>
  <system-out/>
  <testcase classname="TestNg.SuitesTest" name="openGoogle" time="111.526"/>
  <system-out/>
</testsuite> <!-- TestNg.SuitesTest -->
