<?xml version="1.0" encoding="UTF-8"?>
<!-- Generated by org.testng.reporters.JUnitReportReporter -->
<testsuite hostname="ATMECSINLT-1198" failures="0" tests="1" name="TestNg.FirstCry" time="27.095" errors="0" timestamp="2022-06-02T15:46:00 IST" skipped="0">
  <testcase classname="TestNg.FirstCry" name="FirstCry" time="27.095"/>
  <system-out/>
</testsuite> <!-- TestNg.FirstCry -->
