<?xml version="1.0" encoding="UTF-8"?>
<!-- Generated by org.testng.reporters.JUnitReportReporter -->
<testsuite hostname="ATMECSINLT-1198" failures="0" tests="3" name="SampleTest.Test1" time="0.021" errors="0" timestamp="2022-05-29T02:03:01 IST" skipped="0">
  <testcase classname="SampleTest.Test1" name="testOne" time="0.018"/>
  <system-out/>
  <testcase classname="SampleTest.Test1" name="testTwo" time="0.002"/>
  <system-out/>
  <testcase classname="SampleTest.Test1" name="testThree" time="0.001"/>
  <system-out/>
</testsuite> <!-- SampleTest.Test1 -->
