<?xml version="1.0" encoding="UTF-8"?>
<!-- Generated by org.testng.reporters.JUnitReportReporter -->
<testsuite hostname="ATMECSINLT-1198" failures="0" tests="3" name="SampleTest.FlipkartSort" time="78.489" errors="0" timestamp="2022-06-14T12:27:35 IST" skipped="0">
  <testcase classname="SampleTest.FlipkartSort" name="getpropertyfile" time="0.014"/>
  <system-out/>
  <testcase classname="SampleTest.FlipkartSort" name="getWebsite" time="71.240"/>
  <system-out/>
  <testcase classname="SampleTest.FlipkartSort" name="getRating" time="7.235"/>
  <system-out/>
</testsuite> <!-- SampleTest.FlipkartSort -->
