<?xml version="1.0" encoding="UTF-8"?>
<!-- Generated by org.testng.reporters.JUnitReportReporter -->
<testsuite hostname="ATMECSINLT-1198" failures="0" tests="1" name="TestNg.AddToCart" time="38.570" errors="0" timestamp="2022-05-31T12:28:09 IST" skipped="0">
  <testcase classname="TestNg.AddToCart" name="snapDeal" time="38.570"/>
  <system-out/>
</testsuite> <!-- TestNg.AddToCart -->
