<?xml version="1.0" encoding="UTF-8"?>
<!-- Generated by org.testng.reporters.JUnitReportReporter -->
<testsuite hostname="ATMECSINLT-1198" failures="0" tests="5" name="TestNg.TestPrioity" time="0.013" errors="0" timestamp="2022-05-29T00:33:03 IST" skipped="2">
  <testcase classname="TestNg.TestPrioity" name="thirdMove" time="0.010"/>
  <system-out/>
  <testcase classname="TestNg.TestPrioity" name="fourthMove" time="0.002"/>
  <system-out/>
  <testcase classname="TestNg.TestPrioity" name="secondMove" time="0.001"/>
  <system-out/>
  <testcase classname="TestNg.TestPrioity" name="firstMove">
    <skipped/>
  </testcase> <!-- firstMove -->
  <system-out/>
  <testcase classname="TestNg.TestPrioity" name="fifthMove">
    <skipped/>
  </testcase> <!-- fifthMove -->
  <system-out/>
</testsuite> <!-- TestNg.TestPrioity -->
