<?xml version="1.0" encoding="UTF-8"?>
<!-- Generated by org.testng.reporters.JUnitReportReporter -->
<testsuite hostname="ATMECSINLT-1198" failures="0" tests="1" name="NewTest" time="13.143" errors="0" timestamp="2022-05-26T13:47:56 IST" skipped="0">
  <testcase classname="NewTest" name="jaghan" time="13.143"/>
  <system-out/>
</testsuite> <!-- NewTest -->
