<?xml version="1.0" encoding="UTF-8"?>
<!-- Generated by org.testng.reporters.JUnitReportReporter -->
<testsuite hostname="ATMECSINLT-1198" failures="0" tests="1" name="TestNg.TableSort" time="37.541" errors="0" timestamp="2022-06-06T00:18:03 IST" skipped="0">
  <testcase classname="TestNg.TableSort" name="getRow" time="37.541"/>
  <system-out/>
</testsuite> <!-- TestNg.TableSort -->
