<?xml version="1.0" encoding="UTF-8"?>
<!-- Generated by org.testng.reporters.JUnitReportReporter -->
<testsuite hostname="ATMECSINLT-1198" failures="0" tests="4" name="SampleTest.LoginTest" time="7.313" errors="0" timestamp="2022-06-16T19:53:03 IST" skipped="0">
  <testcase classname="SampleTest.LoginTest" name="getpropertyfile" time="0.012"/>
  <system-out/>
  <testcase classname="SampleTest.LoginTest" name="getWebsite" time="6.448"/>
  <system-out/>
  <testcase classname="SampleTest.LoginTest" name="getUserDetails" time="0.405"/>
  <system-out/>
  <testcase classname="SampleTest.LoginTest" name="invalidUserName" time="0.448"/>
  <system-out/>
</testsuite> <!-- SampleTest.LoginTest -->
