<?xml version="1.0" encoding="UTF-8"?>
<!-- Generated by org.testng.reporters.JUnitReportReporter -->
<testsuite hostname="ATMECSINLT-1198" failures="0" tests="5" name="TestNg.Purple" time="38.807" errors="0" timestamp="2022-06-03T16:31:58 IST" skipped="0">
  <testcase classname="TestNg.Purple" name="getDrive" time="6.687"/>
  <system-out/>
  <testcase classname="TestNg.Purple" name="getWebsite" time="6.372"/>
  <system-out/>
  <testcase classname="TestNg.Purple" name="getBrand" time="3.263"/>
  <system-out/>
  <testcase classname="TestNg.Purple" name="addToCart" time="6.983"/>
  <system-out/>
  <testcase classname="TestNg.Purple" name="takeScreenShot" time="15.502"/>
  <system-out/>
</testsuite> <!-- TestNg.Purple -->
