<?xml version="1.0" encoding="UTF-8"?>
<!-- Generated by org.testng.reporters.JUnitReportReporter -->
<testsuite hostname="ATMECSINLT-1198" failures="0" tests="3" name="SampleTest.OpenYouTube" time="61.257" errors="0" timestamp="2022-05-29T14:33:24 IST" skipped="0">
  <testcase classname="SampleTest.OpenYouTube" name="getDrive" time="25.628"/>
  <system-out/>
  <testcase classname="SampleTest.OpenYouTube" name="getWebsite" time="32.069"/>
  <system-out/>
  <testcase classname="SampleTest.OpenYouTube" name="typeSong" time="3.560"/>
  <system-out/>
</testsuite> <!-- SampleTest.OpenYouTube -->
