<?xml version="1.0" encoding="UTF-8"?>
<!-- Generated by org.testng.reporters.JUnitReportReporter -->
<testsuite hostname="ATMECSINLT-1198" failures="0" tests="3" name="TestNg.DependencyManagnment" time="0.010" errors="0" timestamp="2022-05-29T00:37:31 IST" skipped="0">
  <testcase classname="TestNg.DependencyManagnment" name="testOne" time="0.008"/>
  <system-out/>
  <testcase classname="TestNg.DependencyManagnment" name="testTwo" time="0.001"/>
  <system-out/>
  <testcase classname="TestNg.DependencyManagnment" name="testThree" time="0.001"/>
  <system-out/>
</testsuite> <!-- TestNg.DependencyManagnment -->
