<?xml version="1.0" encoding="UTF-8"?>
<!-- Generated by org.testng.reporters.JUnitReportReporter -->
<testsuite hostname="ATMECSINLT-1198" failures="0" tests="1" name="SampleTest.JaghanTask" time="15.350" errors="0" timestamp="2022-05-30T13:31:22 IST" skipped="0">
  <testcase classname="SampleTest.JaghanTask" name="testJ" time="15.350"/>
  <system-out/>
</testsuite> <!-- SampleTest.JaghanTask -->
