<?xml version="1.0" encoding="UTF-8"?>
<!-- Generated by org.testng.reporters.JUnitReportReporter -->
<testsuite hostname="ATMECSINLT-1198" failures="0" tests="2" name="Sample.TestOne" time="109.618" errors="0" timestamp="2022-05-29T01:32:11 IST" skipped="0">
  <testcase classname="Sample.TestOne" name="openEdge" time="67.013"/>
  <system-out/>
  <testcase classname="Sample.TestOne" name="openGoogle" time="42.605"/>
  <system-out/>
</testsuite> <!-- Sample.TestOne -->
