<?xml version="1.0" encoding="UTF-8"?>
<!-- Generated by org.testng.reporters.JUnitReportReporter -->
<testsuite hostname="ATMECSINLT-1198" failures="0" tests="4" name="SampleTest.TestAmazon" time="31.901" errors="0" timestamp="2022-06-14T13:06:00 IST" skipped="0">
  <testcase classname="SampleTest.TestAmazon" name="getpropertyfile" time="0.010"/>
  <system-out/>
  <testcase classname="SampleTest.TestAmazon" name="gotowebsite" time="12.870"/>
  <system-out/>
  <testcase classname="SampleTest.TestAmazon" name="searchProduct" time="16.840"/>
  <system-out/>
  <testcase classname="SampleTest.TestAmazon" name="getBrand" time="2.181"/>
  <system-out/>
</testsuite> <!-- SampleTest.TestAmazon -->
