<?xml version="1.0" encoding="UTF-8"?>
<!-- Generated by org.testng.reporters.JUnitReportReporter -->
<testsuite hostname="ATMECSINLT-1198" failures="0" tests="1" name="SampleTest.TestSample" time="7.511" errors="0" timestamp="2022-05-30T17:38:30 IST" skipped="0">
  <testcase classname="SampleTest.TestSample" name="sample" time="7.511"/>
  <system-out/>
</testsuite> <!-- SampleTest.TestSample -->
